C51 COMPILER V9.59.0.0   MAIN                                                              12/04/2022 15:28:59 PAGE 1   


C51 COMPILER V9.59.0.0, COMPILATION OF MODULE MAIN
OBJECT MODULE PLACED IN .\Objects\main.obj
COMPILER INVOKED BY: D:\keil\C51\BIN\C51.EXE main.c OPTIMIZE(8,SPEED) BROWSE DEBUG OBJECTEXTEND PRINT(.\Listings\main.ls
                    -t) TABS(2) OBJECT(.\Objects\main.obj)

line level    source

   1          #include"51car.h"
   2          void main()
   3          {     
   4   1              TMOD = 0X11;//T0 T1工作在方式1
   5   1        
   6   1      //        TH1 = 0XD8;//T1 
   7   1      //        TL1 = 0XF0;
   8   1      
   9   1              TH0 = 0XFc;//T0 1ms计时一次
  10   1              TL0 = 0X18;
  11   1      
  12   1              ET0 = 1; //定时器0中断允许
  13   1              TR0 = 1; //启动T0
  14   1      //        ET1 = 1; //定时器1中断允许
  15   1      //        TR1 = 1; //启动T1
  16   1              /*IT0 = 1; //外部中断0 下降沿触发
  17   1              IT1 = 1; //外部中断1 下降沿触发
  18   1              EX0 = 1; //外部中断0中断允许
  19   1              EX1 = 1; //外部中断1中断允许*/
  20   1              EA = 1;  //总中断
  21   1              
  22   1      
  23   1              
  24   1              while(1) 
  25   1              {       
  26   2                      
  27   2                      if(Left_led == 0 && Right_led == 0) 
  28   2                         {
  29   3                           frontRun(12,12);
  30   3                         }
  31   2      
  32   2                      else if(Left_led == 1 && Right_led == 0) 
  33   2                             {
  34   3                              turnRight(12,13);
  35   3                             }//int right,int left
  36   2      
  37   2                      else if(Right_led == 1 && Left_led == 0) 
  38   2                             {
  39   3                              turnLeft(12,13);//int right,int left
  40   3                             } 
  41   2                      else if(Right_led == 1 && Left_led == 1)
  42   2                             stop();
  43   2                      
  44   2              }
  45   1              
  46   1      
  47   1      }


MODULE INFORMATION:   STATIC OVERLAYABLE
   CODE SIZE        =    290    ----
   CONSTANT SIZE    =   ----    ----
   XDATA SIZE       =   ----    ----
   PDATA SIZE       =   ----    ----
C51 COMPILER V9.59.0.0   MAIN                                                              12/04/2022 15:28:59 PAGE 2   

   DATA SIZE        =     38    ----
   IDATA SIZE       =   ----    ----
   BIT SIZE         =   ----    ----
END OF MODULE INFORMATION.


C51 COMPILATION COMPLETE.  0 WARNING(S),  0 ERROR(S)
